{"/Users/fola.akinsanya/Documents/Multiverse/Bootcamp/To-do-list-app/db.js": {"path":"/Users/fola.akinsanya/Documents/Multiverse/Bootcamp/To-do-list-app/db.js","statementMap":{"0":{"start":{"line":1,"column":38},"end":{"line":1,"column":58}},"1":{"start":{"line":2,"column":13},"end":{"line":2,"column":28}},"2":{"start":{"line":3,"column":18},"end":{"line":7,"column":2}},"3":{"start":{"line":9,"column":1},"end":{"line":9,"column":46}}},"fnMap":{},"branchMap":{},"s":{"0":1,"1":1,"2":1,"3":1},"f":{},"b":{},"_coverageSchema":"1a1c01bbd47fc00a2c39e90264f33305004495a9","hash":"7395cd10eade3f6c43227219b04f60662d5de344"}
,"/Users/fola.akinsanya/Documents/Multiverse/Bootcamp/To-do-list-app/models.js": {"path":"/Users/fola.akinsanya/Documents/Multiverse/Bootcamp/To-do-list-app/models.js","statementMap":{"0":{"start":{"line":2,"column":40},"end":{"line":2,"column":55}},"1":{"start":{"line":4,"column":16},"end":{"line":4,"column":48}},"2":{"start":{"line":11,"column":0},"end":{"line":14,"column":12}},"3":{"start":{"line":20,"column":2},"end":{"line":24,"column":12}},"4":{"start":{"line":30,"column":0},"end":{"line":33,"column":12}},"5":{"start":{"line":39,"column":0},"end":{"line":39,"column":21}},"6":{"start":{"line":40,"column":0},"end":{"line":40,"column":18}},"7":{"start":{"line":41,"column":0},"end":{"line":41,"column":20}},"8":{"start":{"line":42,"column":0},"end":{"line":42,"column":23}},"9":{"start":{"line":46,"column":0},"end":{"line":46,"column":41}}},"fnMap":{},"branchMap":{},"s":{"0":1,"1":1,"2":1,"3":1,"4":1,"5":1,"6":1,"7":1,"8":1,"9":1},"f":{},"b":{},"_coverageSchema":"1a1c01bbd47fc00a2c39e90264f33305004495a9","hash":"9066b03cdddfd085eb1bdb7a6eaa0f73dd77b2b5"}
}
